<?xml version="1.0" encoding="UTF-8"?>
<testsuite name="XMLAnalyserTest" tests="3" skipped="0" failures="0" errors="0" timestamp="2025-12-16T10:45:38" hostname="23HP038" time="0.005">
  <properties/>
  <testcase name="test1()" classname="XMLAnalyserTest" time="0.002"/>
  <testcase name="test2()" classname="XMLAnalyserTest" time="0.002"/>
  <testcase name="test3()" classname="XMLAnalyserTest" time="0.001"/>
  <system-out><![CDATA[2
]]></system-out>
  <system-err><![CDATA[]]></system-err>
</testsuite>
